
2020-03-17 16:36:57.402292
 - localhost:5000
 - keep-alive
 - 1
 - Mozilla/5.0 (X11; Linux x86_64) AppleWebKit/537.36 (KHTML, like Gecko) Chrome/80.0.3987.132 Safari/537.36
 - document
 - text/html,application/xhtml+xml,application/xml;q=0.9,image/webp,image/apng,*/*;q=0.8,application/signed-exchange;v=b3;q=0.9
 - none
 - navigate
 - ?1
 - gzip, deflate, br
 - en-US,en;q=0.9

2020-03-17 16:47:17.952941
 - localhost:5000
 - keep-alive
 - 1
 - Mozilla/5.0 (X11; Linux x86_64) AppleWebKit/537.36 (KHTML, like Gecko) Chrome/80.0.3987.132 Safari/537.36
 - document
 - text/html,application/xhtml+xml,application/xml;q=0.9,image/webp,image/apng,*/*;q=0.8,application/signed-exchange;v=b3;q=0.9
 - none
 - navigate
 - ?1
 - gzip, deflate, br
 - en-US,en;q=0.9
